c:\users\chill\dropbox\yea\git\yeataro\td-simplekalmanchop\src\release\vc143.pdb
c:\users\chill\dropbox\yea\git\yeataro\td-simplekalmanchop\src\release\simplekalmanfilter.obj
c:\users\chill\dropbox\yea\git\yeataro\td-simplekalmanchop\src\release\simplekalmanchop.obj
c:\users\chill\dropbox\yea\git\yeataro\td-simplekalmanchop\src\release\simplekalmanchop.dll
c:\users\chill\dropbox\yea\git\yeataro\td-simplekalmanchop\src\release\simplekalmanchop.pdb
c:\users\chill\dropbox\yea\git\yeataro\td-simplekalmanchop\src\release\simplekalmanchop.lib
c:\users\chill\dropbox\yea\git\yeataro\td-simplekalmanchop\src\release\simplekalmanchop.exp
c:\users\chill\dropbox\yea\git\yeataro\td-simplekalmanchop\src\release\simplekalmanchop.ipdb
c:\users\chill\dropbox\yea\git\yeataro\td-simplekalmanchop\src\release\simplekalmanchop.iobj
c:\users\chill\dropbox\yea\git\yeataro\td-simplekalmanchop\src\release\simplekalmanchop.tlog\cl.command.1.tlog
c:\users\chill\dropbox\yea\git\yeataro\td-simplekalmanchop\src\release\simplekalmanchop.tlog\cl.read.1.tlog
c:\users\chill\dropbox\yea\git\yeataro\td-simplekalmanchop\src\release\simplekalmanchop.tlog\cl.write.1.tlog
c:\users\chill\dropbox\yea\git\yeataro\td-simplekalmanchop\src\release\simplekalmanchop.tlog\link-cvtres.read.1.tlog
c:\users\chill\dropbox\yea\git\yeataro\td-simplekalmanchop\src\release\simplekalmanchop.tlog\link-rc.read.1.tlog
c:\users\chill\dropbox\yea\git\yeataro\td-simplekalmanchop\src\release\simplekalmanchop.tlog\link-rc.write.1.tlog
c:\users\chill\dropbox\yea\git\yeataro\td-simplekalmanchop\src\release\simplekalmanchop.tlog\link.command.1.tlog
c:\users\chill\dropbox\yea\git\yeataro\td-simplekalmanchop\src\release\simplekalmanchop.tlog\link.read.1.tlog
c:\users\chill\dropbox\yea\git\yeataro\td-simplekalmanchop\src\release\simplekalmanchop.tlog\link.read.19.tlog
c:\users\chill\dropbox\yea\git\yeataro\td-simplekalmanchop\src\release\simplekalmanchop.tlog\link.write.1.tlog
c:\users\chill\dropbox\yea\git\yeataro\td-simplekalmanchop\src\release\simplekalmanchop.tlog\simplekalmanchop.write.1u.tlog
